Comp Funct Genomics
int j environ res public health
animals (basel)
acta crystallogr d biol crystallogr
acta pharmacol sin
aims public health
appl biochem microbiol
biochem biophys rep
biochemistry
Eur J Biochem
J Cell Biochem
biochem j
cancer cell int
bmc cancer
br j cancer
cancer inform
breast cancer res
cancer immunol immunother
cancer chemother pharmacol
neurosci
allergy asthma rep
ebiomedicine
mar drugs
biodrugs
curr drug targets
infect drug resist
invest new drugs
drug deliv
int j parasitol drugs drug resist
j drug deliv sci technol
adv drug deliv rev
mar drugs
