1 Acta Agronomica, Universidad Nacional  de Colombia
1 Acta Entomologica Bohemoslovaca
1 Acta Horticulture
1 Actas del  I Congreso Iberico de Entomologa, Leon
1 Advances in Disease Vector Research
1 Advances in horticulture: fruit crops -  Volume 3  New Delhi, India;  Malhotra Publishing House
1 African Crop Science Journal, 2:423-436; 41 ref
1 Agronomie
1 and the biochemical basis for  its preference to cashew types
1 An Identification and Information Guide
1 Annales de l'Institut  Pasteur Microbiologie, 137A:97-101
1 Annales Historico-Naturales Musei Nationalis Hungarici
1 Annals of Biological  Research
1 Annals of the Entomological Society of America, 94:512-519; 32 ref
1 Annotationes Zoologicae et  Botanicae
1 Annual Report 1979, Cassava Program
1 Annual Review of Entomology, 44:343-370; 188 ref
1 Arab Journal of Plant Protection, 18:148-152; 17 ref
1 A systematic catalogue of  the Aleyrodidae  with host plant and natural enemy data
1 Biljni Lekar
1 Biocontrol News and  Information, 13:61N-68N
1 Bulletin de la Société Zoologique de France
1 Bulletin OEPP/EPPO Bulletin
1 Bulletin of Entomological  Research
1 Bulletin-OILB/SROP
1 Cali, Colombia: Centro Internacional de Agricultura  Tropical
1 Cassava  pests and their control
1 Crop Protection
1 Crop Protection, 20:813-823; ; many ref
1 DGaaE Nachrichten
1 Ecología Aplicada
1 en álamos: pulverización de carbaril sobre  la corteza de los árboles de filas perimetrales
1 Entomologica Fennica
1 Entomologische  Berichten
1 Euphytica
1 Fauna Entomologica Scandinavica
1 Fitopatologia Colombiana
1 Florida  Entomologist, 81:171-178; 16 ref
1 Holualoa, HI, USA: Permanent Agriculture  Resources, 816 pp
1 In: Bey-Bienko GY, ed
1 In: Cock JH and Reyes JA, eds
1 In: Dhaliwal GS, Arora R, eds
1 Indian Journal of Agricultural  Sciences
1 Indian  Journal of Parasitology
1 In: Domínguez D, ed
1 In: Giornate Fitopatologiche 2010, Cervia  , Italia, 9-12 marzo 2010
1 In: Hillocks RJ,  Thresh JM and Bellotti AC, eds
1 In: Hillocks RJ, Thresh JM and Bellotti AC,  eds
1 In: Ionaitis, ed
1 In: Proceedings of the mango workers' meeting, Goa, India
1 In: Research Report of Fruit Research Workshop on Sub-Tropical and  Tropical Fruits, Dapoli, Maharashtra, India
1 Jakarta, Indonesia: Ichtiar Baru, 701 pp
1 Journal of  Entomological Research
1 Journal of Nematology
1 Journal of  Nematology, 22:113-118; 34 ref
1 Journal of Phytopathology
1 Journal of Zhejiang  Forestry College
1 Karnataka Journal of Agricultural  Sciences
1 London: Taylor & Frances
1 Madras  Agriculture Journal
1 Madras, India 565  pp
1 mangiferaeindicae
1 mangiferaeindicae through insects
1 Mango-Mangifera indica
1 MSc Thesis
1 New Mexico State University  News Center, January 29
1 New potential for a neglected crop
1 New York, USA: Haworth Press
1 Növényvédelem
1 Oleagineux
1 Pakistan Journal of Zoology
1 Paris, France: EPPO
1 Phytoparasitica
1 Plant  Pathology
1 Plant Protection Research Institute Handbook
1 Plant  Protection Science
1 Progress in Plant Protection
1 Progressive Horticulture
1 Rastitelna-Zashchita
1 Records of the  Zoological Survey of India
1 Records of the Zoological Survey of India
1 Resistant Pest  Management
1 Revue Pathologie Végetale Entomologique Agriculture  Frantaise
1 Riga, Latvia: Latvian SSR Academy of Sciences
1 Rivista di Agricoltura  Subtropicale e Tropicale
1 Rome, Italy: Food and Agriculture Organization of  the United Nations/International Board for Plant Genetic Resources
1 Science and Culture
1 Secao Pathol
1 Technical Document, Indian Institute of Horticultural Research, 
1 tenellus</i>
1 The Hague, Netherlands: DR
1 Tropical Pest Management
1 Vitis
1 Wallingford, UK: CAB International, xviii + 768  pp
1 Zashchita i Karantin Rastenii
1 Zashchita Rasteni
1 Zashchita Rastenii
2 A plan of action
2 Beitrage zur Tropischen Landwirtschaft und Veterinarmedizin
2 Bollettino del Laboratorio di Entomologia Agraria 'Filippo Silvestri'
2 Bollettino del Laboratorio di Entomologia Agraria, Filippo  Silvestri
2 Bulletin de la Societe Entomologique d'Egypte
2 Bulletin OILB/SROP
2 Canadian Entomologist
2 Cellulosa e Carta
2 Current Science
2 Distribution Maps of Plant Pests
2 Entomotropica
2 Florida  Entomologist
2 Great Basin Nat
2 Great Basin Naturalist
2 Guidelines  for regulating Wood Packaging Material in International Trade
2 IDIA Suplemento Forestal
2 Idia, 
2 In:Proceedings of the Fifteenth Conference of  the International Organization of Citrus Virologists, Paphos, Cyprus,  11-16 November 2001
2 Insect Environment
2 Investigaciones Agrarias: Sistemas y Recursos  Forestales
2 IX Jornadas Fitosanitarias Argentinas, Mendoza
2 Journal of Chemical Ecology
2 Journal  of Economic Entomology
2 Journal of Horticultural Sciences
2 Ottawa, Canada: National Research  Council Press, 523 pp
2 Revista Colombiana de Entomologia
2 RLAC-PROVEG
3 Agricultural Sciences - Journal of the Agricultural University - Plovdiv
3 Cooperative Sugar
3 Fresenius Environmental Bulletin
3 In: 13th Session FAO/IPC Working Party on Insects and other  Animal Pests, Buenos Aires, March 1990
3 IOBC/WPRS Bulletin
3 Journal of Applied Entomology
3 Journal of Economic  Entomology
3 Journal of Economic Entomology
3 Journal of Sugar Beet
3 Kahramanmaraș Sütçü İmam Üniversitesi Doğa Bilimleri Dergisi
3 Mitteilungen Klosterneuburg, Rebe und Wein, Obstbau und Früchteverwertung
3 Pesticidi i Fitomedicina
3 Polish Journal of Entomology
3 Redia
3 Revista de Ciências Agrárias
3 Zastita Bilja
4 Association Française de Protection des Plantes
4 Entomologia Experimentalis et Applicata
4 Entomon
4 L'Informatore Agrario
5 Bulletin OEPP
5 Informatore Agrario
5 Journal of Plant Pathology
5 Neotropical Entomology
5 Süleyman Demirel Üniversitesi Fen Bilimleri Enstitüsü Dergisi
6 Acta Phytopathologica et Entomologica Hungarica
6 Advances in Bio Research
6 Bulgarian Journal of Agricultural Science
6 Bulletin of Insectology, 64SupplementS255-S256
6 ZooKeys
7 Revista de Investigaciones Forestales
8 Annals of Applied Biology
8 Technical Document
9 Plant Disease
9 Türkiye Entomoloji Dergisi
10 Journal of Entomological and Acarological Research
12 Paris, France: European and Mediterranean Plant  Protection Organization
13 Acta Horticulturae
14 Akademik Ziraat Dergisi
18 Plant Protection Science
20 Acta Universitatis Agriculturae et Silviculturae Mendelianae Brunensis
20 Forestry
23 Bulletin of Insectology
26 Florida Entomologist