1 3 Biotech
1 ACS Biomater Sci Eng
1 ACS Bio Med Chem Au
1 ACS Cent Sci
1 ACS Infect Dis
1 Acta Vet Scand
1 Adv Hematol
1 Adv Lipid Res
1 Adv Pharm Bull
1 Adv Sci (Weinh)
1 Afr Health Sci
1 Afr J Agric Res
1 Agric For Entomol
1 AIMS Microbiol
1 Allergol Immunopathol (Madr)
1 Allergy Asthma Clin Immunol
1 Anal Bioanal Chem
1 Animal
1 Ann Clin Microbiol Antimicrob
1 Ann Glob Health
1 Ann Med Surg (Lond)
1 Ann N Y Acad Sci
1 Antibodies (Basel)
1 Antimicrob Agents Chemother
1 AoB Plants
1 Appl Entomol Zool
1 Appl Environ Microbiol
1 Appl Plant Sci
1 Arch Endocrinol Metab
1 Arch Med Sci
1 Arch Microbiol
1 Arch Pharm Res
1 Arch Toxicol
1 Arq Neuropsiquiatr
1 Artif Intell Rev
1 Asian Biomed (Res Rev News)
1 Aust J Agric Resour Econ
1 Basic Appl Ecol
1 Basic Clin Androl
1 Beilstein J Nanotechnol
1 Biochem Eng J
1 Biochem Pharmacol
1 Biochim Biophys Acta Mol Cell Res
1 Biochim Open
1 Biodivers Data J
1 BioDrugs
1 Bioinformation
1 Bioinorg Chem Appl
1 Biol Cybern
1 Biol Open
1 Biomark Insights
1 Biomater Transl
1 Biomedicines
1 Biomed J
1 Biomol Ther (Seoul)
1 Bioorg Med Chem
1 Biophys Rep (N Y)
1 Biopreserv Biobank
1 Biores Open Access
1 Biosemiotics
1 Biotechnol Annu Rev
1 Biotechnol Appl Biochem
1 Biotechnol Bioeng
1 Biotechnol Biofuels
1 Biotechnol Biofuels Bioprod
1 BMC Cancer
1 BMC Med
1 BMC Med Inform Decis Mak
1 BMC Nephrol
1 BMC Pharmacol
1 BMC Syst Biol
1 Braz J Med Biol Res
1 Braz J Vet Med
1 Brief Bioinform
1 Br J Cancer
1 Br J Clin Pharmacol
1 Br Med Bull
1 Cancer Chemother Pharmacol
1 Cancer Immunol Immunother
1 Cancer Inform
1 Carbon Balance Manag
1 Cell
1 Cell Biochem Funct
1 Cell Chem Biol
1 Cell Commun Signal
1 Cell Death Dis
1 Cell Mol Biol Lett
1 Cell Mol Immunol
1 Cell Rep Med
1 Cell Stress Chaperones
1 Chemistry Africa
1 China CDC Wkly
1 Clin Appl Thromb Hemost
1 Clin Dev Immunol
1 Clin Immunol
1 Clin Microbiol Rev
1 Clin Pathol
1 Clin Pharmacol
1 Clin Ther
1 Clin Transl Allergy
1 Clin Transl Oncol
1 Colomb Med (Cali)
1 Commun Eng
1 Commun Med (Lond)
1 Comp Immunol Microbiol Infect Dis
1 Compr Rev Food Sci Food Saf
1 Comput Math Methods Med
1 Conserv Physiol
1 Crit Care Clin
1 Crit Rev Biotechnol
1 Curr Drug Targets
1 Curr Genomics
1 Curr Infect Dis Rep
1 Curr Microbiol
1 Curr Neuropharmacol
1 Curr Opin Environ Sci Health
1 Curr Opin Struct Biol
1 Curr Opin Virol
1 Curr Res Food Sci
1 Curr Trop Med Rep
1 Cytokine Growth Factor Rev
1 Database (Oxford)
1 Development (Rome)
1 Diabetologia
1 Diagn Microbiol Infect Dis
1 Dialogues Health
1 Discov Nano
1 DNA (Basel)
1 DNA Res
1 Drug Discov Today
1 Ecol Indic
1 Ecol Lett
1 Econ Bot
1 Ecotoxicology
1 EFSA Supporting Publications
1 Emerg Health Threats J
1 Emerg Top Life Sci
1 Engineering (Beijing)
1 Entomol Exp Appl
1 Entropy (Basel)
1 Environ Entomol
1 Environ Evid
1 Environ Hist Durh N C
1 Environ Microbiome
1 Environ Pollut
1 Environ Sci Technol
1 Environ Toxicol
1 Enzyme Res
1 Epidemiol Infect
1 Eur J Biochem
1 Eur J Heart Fail
1 Eur J Med Res
1 Eur J Pediatr
1 Eur J Public Health
1 European journal of risk regulation : EJRR
1 Evodevo
1 Evol Bioinform Online
1 Exp Anim
1 Exp Ther Med
1 FASEB J
1 FEBS Open Bio
1 FEMS Microbiol Rev
1 FEMS Yeast Res
1 Fish Shellfish Immunol
1 Fly (Austin)
1 Food Energy Secur
1 Food Ethics
1 Food Sci Anim Resour
1 Food Secur
1 Friction
1 Front Epidemiol
1 Front Hum Neurosci
1 Front Integr Neurosci
1 Front Med
1 Front Med (Lausanne)
1 Front Neuroeng
1 Front Parasitol
1 Front Syst Neurosci
1 Front Zool
1 Fundam Res
1 Future Sci OA
1 Future Virol
1 Galen Med J
1 Gene Rep
1 Genes Dev
1 Gene Ther
1 Genet Mol Biol
1 Genet Sel Evol
1 Genome Announc
1 Glob Food Sec
1 Glob Transit
1 Glycoconj J
1 Gut Pathog
1 Health Phys
1 Hepatol Int
1 Humanit Soc Sci Commun
1 Hum Ecol Interdiscip J
1 Hyg Environ Health Adv
1 IDCases
1 IET Nanobiotechnol
1 IJID Reg
1 Immune Netw
1 Immun Inflamm Dis
1 Indian J Pharm Sci
1 Infect Chemother
1 Infect Dis Clin North Am
1 Infect Dis Rep
1 Infect Ecol Epidemiol
1 Infect Genet Evol
1 Inmunologia
1 Innovation (Camb)
1 Inorg Chem Commun
1 Int Biodeterior Biodegradation
1 Integr Comp Biol
1 Interdiscip Perspect Infect Dis
1 Interface Focus
1 Int J Cell Biol
1 Int J Circumpolar Health
1 Int J Clin Pract
1 Int J Epidemiol
1 Int J Genomics
1 Int J Med Sci
1 Int J Nephrol
1 Int J Pept Res Ther
1 Int J Pharm
1 Int J Plant Genomics
1 Int J Public Health
1 Int Med Case Rep J
1 Int Rev Educ
1 Invert Neurosci
1 Invest Educ Enferm
1 Invest New Drugs
1 In Vitro Cell Dev Biol Plant
1 Iranian Journal of Science
1 Iran J Arthropod Borne Dis
1 Iran J Basic Med Sci
1 Iran J Nurs Midwifery Res
1 Iran J Parasitol
1 Iran J Pharm Res
1 Iran J Vet Res
1 ISME Commun
1 Ital J Food Saf
1 J Adv Res
1 J Agric Food Chem
1 J Anal Methods Chem
1 J Anat
1 J Anim Ecol
1 J Antibiot (Tokyo)
1 J Autoimmun
1 J Bacteriol
1 J Bioeth Inq
1 J Biol Res (Thessalon)
1 J Biomed Sci
1 J Biophotonics
1 J Biosci
1 J Cancer
1 J Clin Invest
1 J Clin Tuberc Other Mycobact Dis
1 J Comp Neurol
1 J Comp Physiol A Neuroethol Sens Neural Behav Physiol
1 J Comput Aided Mol Des
1 J Comput Neurosci
1 J Control Release
1 J Dairy Sci
1 J Drug Deliv
1 J Educ Health Promot
1 J Egypt Public Health Assoc
1 J Electrochem Soc
1 J Environ Health Sci Eng
1 J Eukaryot Microbiol
1 J Exp Pharmacol
1 J Exp Zool B Mol Dev Evol
1 J Extracell Vesicles
1 JFMS Open Rep
1 J Gen Physiol
1 J Gen Virol
1 J Glob Infect Dis
1 J Health Monit
1 J Immunol Res
1 J Immunother Cancer
1 J Infect Dis
1 J Infect Public Health
1 J Inherit Metab Dis
1 J Intell
1 J Int Humanit Action
1 J Investig Med High Impact Case Rep
1 J Korean Med Sci
1 J Med Chem
1 J Microbiol
1 JMIR Dermatol
1 J Mol Neurosci
1 J Nat Med
1 J Nutr
1 J Pestic Sci
1 J Pest Sci (2004)
1 J Pharm Bioallied Sci
1 J Physiol Anthropol
1 J Plant Biol
1 J Plant Res
1 J Public Health Afr
1 J Public Health Res
1 J Res Med Sci
1 J Res Sci Teach
1 J R Soc Interface
1 J S Afr Vet Assoc
1 J Struct Biol
1 J Thromb Haemost
1 J Tissue Eng
1 J Toxicol
1 J Tradit Complement Med
1 J Transl Med
1 J Vet Med Sci
1 J Virus Erad
1 Lancet
1 Lancet Planet Health
1 Life Sci
1 Malays J Med Sci
1 Mar Biotechnol (NY)
1 Materials (Basel)
1 Med Anthropol
1 Med Hist Suppl
1 Mediators Inflamm
1 Medicine (Baltimore)
1 Med J Islam Repub Iran
1 Med J Southwest
1 Med Sci (Basel)
1 Med Sci Monit
1 Membranes (Basel)
1 Methods Microbiol
1 Mitochondrial DNA B Resour
1 mLife
1 MMWR Recomm Rep
1 Mob Genet Elements
1 Mol Biochem Parasitol
1 Mol Biol Cell
1 Mol Biol Evol
1 Mol Biol Int
1 Mol Biol Rep
1 Mol Breed
1 Mol Cell Probes
1 Mol Ecol Resour
1 Mol Hortic
1 Mol Immunol
1 Mol Med Rep
1 Mol Neurobiol
1 Mol Plant Microbe Interact
1 Mol Syst Biol
1 Mol Ther
1 Mov Ecol
1 Mycobiology
1 Mycoscience
1 Nano Today
1 Nat Biotechnol
1 Nat Ecol Evol
1 Nat Genet
1 Nat Microbiol
1 Nat Prod Bioprospect
1 Nat Prod Rep
1 Nat Rev Drug Discov
1 Nat Rev Mater
1 Nat Rev Methods Primers
1 Nat Rev Microbiol
1 Nat Sustain
1 Neural Comput Appl
1 Neurosci Lett
1 New Comprehensive Biochemistry
1 New Phytol
1 Noncoding RNA
1 Nucleus
1 Oncotarget
1 Open Life Sci
1 Open Vet J
1 Pain Res Manag
1 Pan Afr Med J
1 Papillomavirus Res
1 PeerJ Comput Sci
1 People Nat (Hoboken)
1 Persoonia
1 Pflugers Arch
1 Pharmacognosy Res
1 Pharmacogn Rev
1 Physiol Mol Biol Plants
1 Phys Life Rev
1 Plant Biotechnol (Tokyo)
1 Plant Breed
1 Plant Cell
1 Plant Cell Rep
1 Plant Direct
1 Plant J
1 Plant Pathol J
1 Plant Physiol
1 Polymers (Basel)
1 Porcine Health Manag
1 PPAR Res
1 Prim Care
1 Probiotics Antimicrob Proteins
1 Proc Jpn Acad Ser B Phys Biol Sci
1 Prog Biophys Mol Biol
1 Protein Pept Lett
1 Purinergic Signal
1 Reg Environ Change
1 Remote Sens Environ
1 Rend Lincei Sci Fis Nat
1 Reprod Biol Endocrinol
1 Research on Biomedical Engineering
1 Research (Wash D C)
1 Res Pharm Sci
1 Retrovirology
1 Rev Esp Quimioter
1 Rev Int Polit Econ
1 Rev Saude Publica
1 RNA
1 RNA Biol
1 RSC Med Chem
1 Sci China Earth Sci
1 Sci Data
1 Sci One Health
1 Semin Cell Dev Biol
1 Semin Immunol
1 Silicon
1 Skin Health Dis
1 SLAS Discov
1 South Asian Hist Cult
1 Springerplus
1 Therapie
1 Transl Anim Sci
1 Transl Med UniSa
1 Trans R Soc Trop Med Hyg
1 Tree Physiol
1 Trends Food Sci Technol
1 Trop Anim Health Prod
1 Trop Life Sci Res
1 Trop Parasitol
1 Uisahak
1 Vaccine X
1 Vacunas
1 Vacunas (English Edition)
1 Vet Anim Sci
1 Vet Clin North Am Equine Pract
1 Vet Clin North Am Exot Anim Pract
1 Vet Clin North Am Small Anim Pract
1 Vet Immunol Immunopathol
1 Vet J
1 Vet Med (Auckl)
1 Vet Microbiol
1 Vet Rec
1 Virus Genes
1 Vox Sang
1 Waste Manag Res
1 World J Biol Chem
1 World J Gastrointest Surg
1 World J Virol
2 Access Microbiol
2 Acta Crystallogr D Struct Biol
2 Acta Trop
2 Adv Biomed Res
2 Adv Virol
2 AIMS Public Health
2 Ambio
2 Ann Med
2 Antibiotics (Basel)
2 Antiviral Res
2 Appl Biochem Microbiol
2 Avicenna J Med Biotechnol
2 Biochemistry (Mosc)
2 Bioengineered
2 Bioessays
2 Biol Direct
2 Biol Lett
2 Biotechnol Adv
2 Biotechnol Bioprocess Eng
2 Biotechnol Prog
2 BMC Ecol
2 BMC Genet
2 BMC Neurosci
2 Breast Cancer Res
2 Bull Entomol Res
2 Cancer Cell Int
2 Cell Discov
2 Cell Host Microbe
2 Commun Integr Biol
2 Comp Cytogenet
2 Comput Struct Biotechnol J
2 Cureus
2 Curr Allergy Asthma Rep
2 Curr Med Chem
2 Curr Res Insect Sci
2 EBioMedicine
2 EMBO Mol Med
2 EMBO Rep
2 Environ Anal Health Toxicol
2 Environ Chem Lett
2 Eur J Immunol
2 Euro Surveill
2 FEBS J
2 FEBS Lett
2 Front Allergy
2 Front Cell Dev Biol
2 Front Chem
2 Front Comput Neurosci
2 Front Endocrinol (Lausanne)
2 Front Psychol
2 Gates Open Res
2 Gels
2 Genetics
2 Geohealth
2 GigaByte
2 Glob Health Action
2 Glycobiology
2 GM Crops Food
2 Health Sci Rep
2 Hydrobiologia
2 Infect Dis Poverty
2 Influenza Other Respir Viruses
2 Insect Sci
2 Integr Environ Assess Manag
2 Interdiscip Toxicol
2 Int Health
2 Int J Biochem
2 Iran J Biotechnol
2 Iran J Public Health
2 ISME J
2 J Autom Methods Manag Chem
2 J Cell Sci
2 J Clin Med
2 J Drug Deliv Sci Technol
2 J Exp Biol
2 J Invertebr Pathol
2 JMIR Public Health Surveill
2 J Plant Dis Prot (2006)
2 J Trop Med
2 Jundishapur J Microbiol
2 J Vet Intern Med
2 J Virol
2 Medicina (Kaunas)
2 Medicines (Basel)
2 Microb Cell
2 Microb Pathog
2 Micromachines (Basel)
2 Mol Biol
2 Mol Microbiol
2 Mol Pain
2 mSystems
2 Nano Res
2 Nanoscale Adv
2 Nat Chem Biol
2 Natl Sci Rev
2 Nutrients
2 Onderstepoort J Vet Res
2 Open Res Eur
2 Osong Public Health Res Perspect
2 Oxid Med Cell Longev
2 Pestic Biochem Physiol
2 Pharmacol Ther
2 Pharm Biol
2 Planta
2 Plant Commun
2 Protein Cell
2 Protein Expr Purif
2 Rev Inst Med Trop Sao Paulo
2 Rev Soc Bras Med Trop
2 Rice (N Y)
2 Sci China Life Sci
2 Sci Prog
2 STAR Protoc
2 Trends Parasitol
2 Trop Dis Travel Med Vaccines
2 Turk J Biol
2 Vavilovskii Zhurnal Genet Selektsii
2 Vet Q
3 Adv Drug Deliv Rev
3 Arch Comput Methods Eng
3 Biochem J
3 Biosci Rep
3 Biotechnol Lett
3 BMC Bioinformatics
3 BMC Proc
3 Cell Rep
3 Cell Tissue Res
3 Clin Exp Immunol
3 Clin Mol Allergy
3 Cochrane Database Syst Rev
3 Curr Biol
3 Curr Issues Mol Biol
3 Curr Opin Cell Biol
3 Curr Top Microbiol Immunol
3 Ecohealth
3 Ecol Appl
3 EMBO J
3 Environ Health
3 Environ Toxicol Chem
3 Eur J Neurosci
3 Front Fungal Biol
3 Front Genome Ed
3 Front Mol Neurosci
3 Gigascience
3 Heredity (Edinb)
3 Infect Drug Resist
3 Insect Mol Biol
3 Int Immunopharmacol
3 Int J Insect Sci
3 Int J Mol Med
3 Int J Parasitol
3 Int J Parasitol Parasites Wildl
3 J Biol Eng
3 J Cell Biol
3 J Exp Bot
3 J Exp Med
3 J Innate Immun
3 J Nematol
3 Malariaworld J
3 Med Hist
3 Med Vet Entomol
3 Methods Mol Biol
3 MethodsX
3 Microb Ecol
3 Mob DNA
3 Mol Ecol
3 Mol Plant Pathol
3 Nanomaterials (Basel)
3 Naunyn Schmiedebergs Arch Pharmacol
3 Oecologia
3 Parasite Epidemiol Control
3 Pathog Glob Health
3 Planta Med
3 Plant Divers
3 Plant Mol Biol
3 Saudi Pharm J
3 Sci Total Environ
3 Signal Transduct Target Ther
3 Trop Med Health
3 Vet Med Sci
3 Virology
3 World Allergy Organ J
3 Yale J Biol Med
4 Acta Crystallogr D Biol Crystallogr
4 Acta Pharmacol Sin
4 AMB Express
4 Cancers (Basel)
4 Can J Infect Dis Med Microbiol
4 Chem Rev
4 Curr Opin Immunol
4 Curr Res Microb Sci
4 Diagnostics (Basel)
4 Environ Health Insights
4 Front Behav Neurosci
4 Front Neurosci
4 Front Nutr
4 Int J Biol Macromol
4 J Biomed Biotechnol
4 J Cell Biochem
4 J Chem Ecol
4 J Econ Entomol
4 J Ethnobiol Ethnomed
4 J Genet Eng Biotechnol
4 J Gen Intern Med
4 J Vet Sci
4 Korean J Parasitol
4 Malar Res Treat
4 Metabolites
4 Microb Biotechnol
4 Parasitol Res
4 PLoS Med
4 Proc Biol Sci
4 Protein Sci
4 Toxics
4 Vector Borne Zoonotic Dis
4 Virol Sin
4 Virus Evol
4 Wellcome Open Res
5 Allergy
5 Antioxidants (Basel)
5 Biochemistry
5 Biol Rev Camb Philos Soc
5 BMC Complement Altern Med
5 Clin Exp Vaccine Res
5 Emerg Microbes Infect
5 Front Cell Neurosci
5 Front Genet
5 Genome Biol
5 Hortic Res
5 Int J Biol Sci
5 NPJ Vaccines
5 One Health
5 Open Biol
5 Plant Methods
5 RSC Adv
5 Vet World
5 Virulence
6 Adv Virus Res
6 Arch Virol
6 Biochem Biophys Rep
6 Curr Res Parasitol Vector Borne Dis
6 Exp Appl Acarol
6 Front Mol Biosci
6 Front Public Health
6 Int J Nanomedicine
6 Int J Parasitol Drugs Drug Resist
6 iScience
6 Mol Biotechnol
6 Parasitology
6 R Soc Open Sci
6 ScientificWorldJournal
6 Zookeys
7 Am J Trop Med Hyg
7 Bioengineering (Basel)
7 Biomimetics (Basel)
7 Biotechnol Rep (Amst)
7 BMC Plant Biol
7 BMC Res Notes
7 Curr Opin Genet Dev
7 G3 (Bethesda)
7 Nature
7 PLoS Comput Biol
7 Poult Sci
8 ACS Omega
8 BMC Infect Dis
8 BMC Public Health
8 Evid Based Complement Alternat Med
8 F1000Res
8 Foods
8 Genome Biol Evol
8 Ind Med Gaz
8 J Nanobiotechnology
8 Microb Cell Fact
8 Microbiome
8 mSphere
8 PLOS Glob Public Health
8 Transgenic Res
8 Vet Res
9 BMC Evol Biol
9 BMC Microbiol
9 BMC Vet Res
9 Int J Health Geogr
9 Philos Trans R Soc Lond B Biol Sci
9 Virus Res
10 Environ Sci Pollut Res Int
10 Front Insect Sci
10 Hum Vaccin Immunother
10 J Parasitol Res
10 Life (Basel)
10 PLoS Biol
11 Biology (Basel)
11 Cells
11 Environ Health Perspect
11 J Med Entomol
11 mBio
11 Parasite
11 Sci Adv
11 Vet Sci
12 Appl Microbiol Biotechnol
12 Comput Intell Neurosci
12 Curr Opin Biotechnol
12 Front Pharmacol
12 J Biol Chem
12 Microbiol Spectr
12 Pharmaceuticals (Basel)
13 Comp Funct Genomics
13 Evol Appl
13 Indian J Med Res
13 Vaccine
14 BMC Biol
14 Front Vet Sci
14 Trop Med Infect Dis
15 Biomolecules
15 BMC Biotechnol
15 Commun Biol
15 Emerg Infect Dis
15 Genes (Basel)
15 Toxins (Basel)
15 Virol J
16 J Fungi (Basel)
17 PLoS Genet
18 Ecol Evol
18 Nucleic Acids Res
18 Pharmaceutics
19 Front Bioeng Biotechnol
19 PeerJ
19 Pest Manag Sci
19 Plant Biotechnol J
20 Mem Inst Oswaldo Cruz
21 Mar Drugs
22 Saudi J Biol Sci
23 Front Cell Infect Microbiol
24 EFSA J
24 Proc Natl Acad Sci U S A
25 J Arthropod Borne Dis
26 Biomed Res Int
26 Elife
28 Animals (Basel)
29 Sensors (Basel)
37 Front Physiol
40 BMC Genomics
42 Heliyon
42 J Insect Sci
45 PLoS Pathog
46 Front Immunol
46 Microorganisms
46 Pathogens
51 Nat Commun
59 Vaccines (Basel)
67 Int J Environ Res Public Health
72 Molecules
77 Plants (Basel)
82 Front Microbiol
86 Int J Mol Sci
107 Front Plant Sci
108 Malar J
111 Viruses
155 PLoS Negl Trop Dis
167 Insects
176 Parasit Vectors
215 Sci Rep
365 PLoS One
