1 AAS Open Res
1 ACS Appl Mater Interfaces
1 ACS Chem Biol
1 ACS Pharmacol Transl Sci
1 Acta Astronaut
1 Acta Crystallogr E Crystallogr Commun
1 Acta Neuropathol
1 Adv Biotechnol (Singap)
1 Adv Exp Med Biol
1 Adv Genet (Hoboken)
1 Adv In Insect Phys
1 Adv Parasitol
1 Adv Struct Chem Imaging
1 Adv Tech Biol Med
1 Aging (Albany NY)
1 Agric Ecosyst Environ
1 Agric For Entomol
1 Agric Syst
1 Agronomy (Basel)
1 Am J Epidemiol
1 Anal Chem Insights
1 Angew Chem Int Ed Engl
1 Animal Model Exp Med
1 Anim Cells Syst (Seoul)
1 Anim Front
1 Anim Nutr
1 Ann Entomol Soc Am
1 Ann Maxillofac Surg
1 Annu Rev Cell Dev Biol
1 Appl Biochem Biotechnol
1 Appl Biosaf
1 Appl Netw Sci
1 Appl Transl Genom
1 Arch Comput Methods Eng
1 Arch Microbiol
1 Arch Toxicol
1 Artif Intell Rev
1 Asian-Australas J Anim Sci
1 Avicenna J Med Biotechnol
1 Bacteriophage
1 Beilstein J Nanotechnol
1 Biochem Genet
1 Biochim Biophys Acta
1 Biochim Biophys Acta Biomembr
1 Biochimie
1 BioData Min
1 Biofilm
1 Bioimpacts
1 Bioinform Biol Insights
1 Bioinorg Chem Appl
1 Biol Methods Protoc
1 Biomacromolecules
1 Biomed Pharmacother
1 Biomol Ther (Seoul)
1 Biophys J
1 Biophys Rev
1 Bioprocess Biosyst Eng
1 Biotechniques
1 Biotechnol Appl Biochem
1 Biotechnol Bioprocess Eng
1 Biotechnol J
1 Biotechnol Prog
1 BMB Rep
1 BMC Cell Biol
1 BMC Genom Data
1 BMC Med Genomics
1 BMC Mol Cell Biol
1 BMC Pharmacol Toxicol
1 BMC Physiol
1 BMC Proc
1 BMC Syst Biol
1 BMC Zool
1 Bot J Linn Soc
1 Boundary Layer Meteorol
1 Brain Sci
1 Braz J Infect Dis
1 Braz J Med Biol Res
1 Brief Funct Genomics
1 CABI Agric Biosci
1 Camb Prism Extinct
1 Carbon Balance Manag
1 Carbon Capture Sci Technol
1 CBE Life Sci Educ
1 Cell Death Differ
1 Cell Death Dis
1 Cell Death Discov
1 Cell Mol Biol Lett
1 Cell Rep Methods
1 Cereal Res Commun
1 ChemistryOpen
1 Chem Sci
1 ChemSusChem
1 Chin Herb Med
1 Cilia
1 Clin Case Rep
1 Clin Dev Immunol
1 Clin Diagn Virol
1 Clin Mol Allergy
1 Cochrane Database Syst Rev
1 Commun Chem
1 Comp Biochem Physiol C Toxicol Pharmacol
1 Conserv Genet
1 C R Biol
1 Croat Med J
1 Curr Dermatol Rep
1 Curr Environ Health Rep
1 Curr For Rep
1 Curr Mol Biol Rep
1 Curr Opin Biotechnol
1 Curr Opin Immunol
1 Curr Opin Microbiol
1 Curr Plant Biol
1 Curr Pollut Rep
1 Curr Protoc
1 Curr Protoc Plant Biol
1 Curr Res Biotechnol
1 Curr Res Microb Sci
1 Curr Top Membr
1 Curr Trop Med Rep
1 Cytol Genet
1 Data Min Knowl Discov
1 Dela J Public Health
1 Dev Cell
1 Dev Dyn
1 Development
1 Dev Genes Evol
1 Dev Reprod
1 Diabetes Care
1 Diabetologia
1 Diagn Microbiol Infect Dis
1 Dis Model Mech
1 Dis Mon
1 Dose Response
1 Early Hum Dev
1 Eco Environ Health
1 Ecography
1 Ecol Entomol
1 Ecol Modell
1 Ecol Process
1 Ecosyst Serv
1 Emerg Health Threats J
1 eNeuro
1 Eng Microbiol
1 Environ Dev Sustain
1 Environ Evid
1 Environ Manage
1 Environ Microbiol Rep
1 Environ Resour Econ (Dordr)
1 Environ Sci Ecotechnol
1 Environ Sci Technol
1 Environ Toxicol Chem
1 Enzyme Res
1 Epidemics
1 Essays Biochem
1 EuPA Open Proteom
1 Euphytica
1 EURASIP J Bioinform Syst Biol
1 Eur Endod J
1 Eur J Transl Myol
1 Eur J Wildl Res
1 Eur Phys J Plus
1 Evol Ecol
1 EXCLI J
1 Exp Cell Res
1 Expert Rev Mol Diagn
1 Fac Rev
1 FEBS J
1 FEMS Microbiol Lett
1 Food Chem X
1 Food Energy Secur
1 Food Policy
1 Food Saf (Tokyo)
1 Food Sci Biotechnol
1 Food Technol Biotechnol
1 Forensic Sci Int Synerg
1 Forensic Sci Res
1 Front Allergy
1 Front Bioinform
1 Front Ecol Evol
1 Front Mater Sci
1 Front Med (Lausanne)
1 Front Neural Circuits
1 Front Neuroeng
1 Front Oncol
1 Front Robot AI
1 Front Toxicol
1 Funct Ecol
1 Funct Integr Genomics
1 Fungal Biol
1 Fungal Ecol
1 Gels
1 Gene
1 Genes Nutr
1 Genom Data
1 Genomics
1 Genomics Proteomics Bioinformatics
1 Gen Psychiatr
1 Geohealth
1 Global Biogeochem Cycles
1 Gut Pathog
1 Handb Exp Pharmacol
1 HardwareX
1 Health Res Policy Syst
1 Hist Cienc Saude Manguinhos
1 Hum Mol Genet
1 Hydrobiologia
1 IDCases
1 Indian J Pharmacol
1 Indian Phytopathol
1 Infect Dis (Auckl)
1 Infect Dis Clin North Am
1 Infect Ecol Epidemiol
1 Infect Immun
1 Infect Med (Beijing)
1 Inflammopharmacology
1 Insect Conserv Divers
1 Integr Comp Biol
1 Int Environ Agreem
1 Interdiscip Perspect Infect Dis
1 Interdiscip Toxicol
1 International Politics (The Hague)
1 Int J Biometeorol
1 Int J Evol Biol
1 Int J Hyg Environ Health
1 Int J Legal Med
1 Int J Microbiol
1 Int J Mol Med
1 Int J Nanomedicine
1 Int J Pept
1 Int J Trop Insect Sci
1 Int J Urban Reg Res
1 Int J Vet Sci Med
1 Int Microbiol
1 Int Rev Cytol
1 Int Sch Res Notices
1 Iran J Public Health
1 ISBT Sci Ser
1 Isis
1 IUCrJ
1 J Adv Model Earth Syst
1 J Adv Vet Anim Res
1 J Agric Econ
1 J Allergy Clin Immunol
1 J Am Chem Soc
1 J Anal Methods Chem
1 J Anim Sci Biotechnol
1 J Appl Entomol
1 J Appl Genet
1 J Ayurveda Integr Med
1 J Basic Clin Pharm
1 J Biochem
1 J Biol Methods
1 J Biol Phys
1 J Biol Rhythms
1 J Biomed Discov Collab
1 J Biomed Sci
1 J Biotechnol
1 J Cell Physiol
1 J Circadian Rhythms
1 J Clean Prod
1 J Commer Biotechnol
1 J Comp Physiol B
1 J Dev Econ
1 J Ecol
1 J Environ Stud Sci
1 J Enzyme Inhib Med Chem
1 J Evol Biol
1 J Exp Pharmacol
1 J Food Prot
1 J Funct Biomater
1 J Genet
1 J Gen Mol Virol
1 J Genomics
1 J Ginseng Res
1 J Indian Inst Sci
1 J Ind Microbiol Biotechnol
1 J Innate Immun
1 J Insect Behav
1 J Insect Physiol
1 J Invertebr Pathol
1 J Law Biosci
1 J Microbiol Methods
1 JMIR Med Inform
1 J Nat Med
1 J Nat Prod
1 J Neurovirol
1 J Nutr Sci
1 J Occup Environ Hyg
1 J Oral Microbiol
1 J Org Chem
1 Journal of Arthropod-Borne Diseases
1 Journal of Ethnic Foods
1 J Pept Sci
1 J Phytopathol (1986)
1 J Plant Dis Prot (2006)
1 J Plant Res
1 J Pollinat Ecol
1 J Poult Sci
1 J Prev Med Hyg
1 J Proteomics
1 J RNAi Gene Silencing
1 J R Stat Soc Ser C Appl Stat
1 J Sci Food Agric
1 J Supercomput
1 J Theor Biol
1 J Toxicol Environ Health B Crit Rev
1 Jundishapur J Nat Pharm Prod
1 J Venom Anim Toxins Incl Trop Dis
1 J Venom Res
1 J Vet Med Sci
1 J Vet Sci
1 J Virol Methods
1 J Xenobiot
1 J Zhejiang Univ Sci B
1 Kidney Int Rep
1 Lancet
1 Lancet Planet Health
1 Lancet Reg Health Am
1 Life Sci
1 Lipids
1 Living Rev Relativ
1 Luminescence
1 MAbs
1 Mar Biotechnol (NY)
1 Mar Life Sci Technol
1 Mater Today Bio
1 Medicina (Kaunas)
1 Med Princ Pract
1 Membranes (Basel)
1 Meta Gene
1 Microbes Infect
1 MicroPubl Biol
1 Mol Cancer Ther
1 Mol Ther
1 Multimed Tools Appl
1 Mycorrhiza
1 Mycotoxin Res
1 Nat Biotechnol
1 Nat Cell Biol
1 Nat Genet
1 Nat Immunol
1 Nat Methods
1 Nat Prod Bioprospect
1 Nat Rev Drug Discov
1 Nat Rev Genet
1 Naunyn Schmiedebergs Arch Pharmacol
1 Neural Comput Appl
1 Neural Process Lett
1 New For (Dordr)
1 New Microbes New Infect
1 Noncoding RNA
1 NPJ Digit Med
1 NPJ Syst Biol Appl
1 NPJ Vaccines
1 Nucleus (Calcutta)
1 Oncotarget
1 Onderstepoort J Vet Res
1 One Health Outlook
1 Open Med Chem J
1 Open Microbiol J
1 Open Vet J
1 Pan Afr Med J
1 Parasites Hosts Dis
1 Parasitol Int
1 Parasitol Open
1 Pathog Dis
1 Perspect Psychol Sci
1 Pharmacogn Rev
1 Pharmacol Ther
1 Pharm Res
1 Philos Trans A Math Phys Eng Sci
1 Photosynth Res
1 Physiology (Bethesda)
1 Phys Rev E
1 Phytochemistry
1 Plant Biotechnol Rep
1 Plant Breed
1 Plant Cell Tissue Organ Cult
1 Plant Dis
1 Plant Genome
1 Plant Phenome J
1 PLOS Glob Public Health
1 Pol J Microbiol
1 Porcine Health Manag
1 Potato Res
1 Prev Nutr Food Sci
1 Prev Vet Med
1 Probiotics Antimicrob Proteins
1 Proc Natl Acad Sci India Sect B Biol Sci
1 Prog Biophys Mol Biol
1 Proteomes
1 Public Health
1 Purinergic Signal
1 Quant Plant Biol
1 Quat Sci Rev
1 Regen Biomater
1 Reg Environ Change
1 Research (Wash D C)
1 Res Rep Trop Med
1 Res Virol
1 Rev Aquac
1 Rev Med Virol
1 RSC Chem Biol
1 Saf Health Work
1 SAR QSAR Environ Res
1 Science
1 Sci Total Environ
1 Semin Cell Dev Biol
1 SLAS Discov
1 Soil Biol Biochem
1 Source Code Biol Med
1 Stand Genomic Sci
1 Synthese
1 Syst Synth Biol
1 Theor Ecol
1 Theory Biosci
1 Ther Adv Infect Dis
1 Theranostics
1 Toxicol Int
1 Traffic
1 Trends Biotechnol
1 Trials
1 Trop Life Sci Res
1 Trop Med Health
1 Trop Med Int Health
1 Trop Parasitol
1 Tzu Chi Med J
1 UCL Open Environ
1 Urban Ecosyst
1 Vet Med (Auckl)
1 Vet Med Int
1 Vet Microbiol
1 Vet Rec
1 Vet Res Commun
1 Virol Sin
1 Water Air Soil Pollut
1 Water Res
1 Water Resour Econ
1 Wetlands (Wilmington)
1 Wiley Interdiscip Rev Dev Biol
1 Wiley Interdiscip Rev Nanomed Nanobiotechnol
1 Wiley Interdiscip Rev RNA
1 Wirel Pers Commun
1 World Dev
1 Worm
1 Yale J Biol Med
2 Adv Virol
2 Agron Sustain Dev
2 AIMS Microbiol
2 Am J Bot
2 Anal Bioanal Chem
2 Anim Cogn
2 Ann Appl Biol
2 Ann N Y Acad Sci
2 Antonie Van Leeuwenhoek
2 Appl Bionics Biomech
2 Aquac Nutr
2 Arch Insect Biochem Physiol
2 Arthropod Plant Interact
2 BBA Adv
2 Biochem Res Int
2 Biochem Soc Trans
2 Biol Res
2 Biophys Rep
2 BioTech (Basel)
2 Biotechnol Adv
2 BioTechnologia (Pozn)
2 Biotechnol Res Int
2 BMC Complement Med Ther
2 BMC Immunol
2 BMC Infect Dis
2 BMC Public Health
2 BMC Struct Biol
2 Bull World Health Organ
2 Cell Biosci
2 Cell Discov
2 Cell Microbiol
2 Cell Res
2 Cell Surf
2 Chem Cent J
2 Chem Soc Rev
2 Chin Sci Bull
2 Chromosome Res
2 Comp Cytogenet
2 Conserv Biol
2 Conserv Physiol
2 Crop Prot
2 Curr Res Food Sci
2 Curr Zool
2 Drug Des Devel Ther
2 Eng Biol
2 Eng Life Sci
2 Entomol Exp Appl
2 Eur J Microbiol Immunol (Bp)
2 Eur J Plant Pathol
2 Evol Med Public Health
2 Front Psychol
2 Fungal Syst Evol
2 Gates Open Res
2 Helminthologia
2 Heredity (Edinb)
2 Hist Philos Life Sci
2 Infect Dis Model
2 Innovation (Camb)
2 Int J Med Microbiol
2 Int J Occup Environ Med
2 Int J Parasitol
2 In Vitro Cell Dev Biol Anim
2 In Vitro Cell Dev Biol Plant
2 J Am Soc Mass Spectrom
2 J Appl Ecol
2 J Appl Microbiol
2 J Bacteriol
2 J Extracell Vesicles
2 J Immunol Res
2 J Mammal
2 J Microbiol Biotechnol
2 J Mol Evol
2 J Proteome Res
2 Jundishapur J Microbiol
2 J Vet Res
2 Korean J Parasitol
2 Medicines (Basel)
2 Methods
2 Methods Protoc
2 Microb Cell
2 Mil Med Res
2 mLife
2 Mol Biol Res Commun
2 Mol Cell Biol
2 Mol Ther Methods Clin Dev
2 Nanomicro Lett
2 NAR Genom Bioinform
2 Nat Chem
2 Nat Microbiol
2 Nat Prod Rep
2 Nat Rev Microbiol
2 Neotrop Entomol
2 Parasite Epidemiol Control
2 Pathog Glob Health
2 PeerJ Comput Sci
2 Pharmacogn Mag
2 Photochem Photobiol Sci
2 Plant Biol (Stuttg)
2 Plant Mol Biol Report
2 Plant Reprod
2 Protein Cell
2 Proteome Sci
2 Rev Bras Parasitol Vet
2 RNA Biol
2 Saudi Pharm J
2 Signal Transduct Target Ther
2 Symbiosis
2 Transbound Emerg Dis
2 Trends Ecol Evol
2 Trends Microbiol
2 Vector Borne Zoonotic Dis
2 Zoological Lett
2 Zool Res
3 ACS Synth Biol
3 Acta Crystallogr D Struct Biol
3 Acta Crystallogr F Struct Biol Commun
3 Adv Mater
3 Antiviral Res
3 Bioinformatics
3 Bioinformation
3 Biologia (Bratisl)
3 Biol Proced Online
3 Bioresour Bioprocess
3 Biotechnol Bioeng
3 Biotechnol Lett
3 BMC Complement Altern Med
3 BMC Dev Biol
3 Braz J Microbiol
3 Cell Mol Life Sci
3 Cell Stress Chaperones
3 Chembiochem
3 Chin Med
3 Chromosoma
3 Comput Math Methods Med
3 Curr Microbiol
3 Data Brief
3 Emerg Top Life Sci
3 Environ Monit Assess
3 Environ Sci Eur
3 Epigenetics Chromatin
3 Evol Bioinform Online
3 FEBS Lett
3 Front Artif Intell
3 Front Endocrinol (Lausanne)
3 Front Neuroanat
3 Genome Res
3 Glycobiology
3 Glycoconj J
3 Indian J Med Res
3 Integr Environ Assess Manag
3 Int J Circumpolar Health
3 Int J Genomics
3 Int J Health Geogr
3 Int J Syst Evol Microbiol
3 Iran J Arthropod Borne Dis
3 Iran J Pharm Res
3 J Anim Ecol
3 J Cell Sci
3 J Exp Med
3 J Gen Physiol
3 J Integr Plant Biol
3 J Math Biol
3 J Microsc Ultrastruct
3 J Pharm Anal
3 Methods Mol Biol
3 Mol Biol Rep
3 Mol Cells
3 Mol Ecol Resour
3 Mov Ecol
3 Mycology
3 Nat Chem Biol
3 Nat Ecol Evol
3 Nat Struct Mol Biol
3 Naturwissenschaften
3 Nutrients
3 PhytoKeys
3 Plant Biotechnol (Tokyo)
3 Plant Environ Interact
3 Plant Pathol
3 PLoS Med
3 Polymers (Basel)
3 Proc Jpn Acad Ser B Phys Biol Sci
3 Prog Nucleic Acid Res Mol Biol
3 Protein Expr Purif
3 Redox Biol
3 Sci China Life Sci
3 Scientifica (Cairo)
3 Structure
3 Stud Mycol
3 Vaccine
3 Vet Med Sci
3 Yeast
4 Access Microbiol
4 Acta Naturae
4 Ambio
4 Am J Trop Med Hyg
4 Antibodies (Basel)
4 Beilstein J Org Chem
4 Biodes Res
4 Bioengineered
4 Biol Invasions
4 Biol Lett
4 Bioscience
4 BMC Biochem
4 BMC Ecol Evol
4 BMC Vet Res
4 Brief Bioinform
4 Bull Math Biol
4 Curr Biol
4 Curr Opin Virol
4 Curr Res Parasitol Vector Borne Dis
4 Curr Top Microbiol Immunol
4 Emerg Microbes Infect
4 Environ Microbiome
4 Evolution
4 FEMS Yeast Res
4 Food Chem (Oxf)
4 Fungal Biol Biotechnol
4 Infect Dis Poverty
4 J Imaging
4 J Mol Biol
4 J Vis Exp
4 Landsc Ecol
4 Life Sci Alliance
4 Metab Eng Commun
4 MethodsX
4 Microbiology (Reading)
4 Mol Microbiol
4 Npj Viruses
4 Pharm Biol
4 Physiol Mol Plant Pathol
4 Physiol Plant
4 Poult Sci
4 Protein Sci
4 Retrovirology
4 Rev Inst Med Trop Sao Paulo
4 Toxicol Rep
4 Trop Med Infect Dis
4 Vavilovskii Zhurnal Genet Selektsii
4 Wellcome Open Res
5 Anim Microbiome
5 Biomedicines
5 Biosci Rep
5 Commun Integr Biol
5 FEMS Microbiol Ecol
5 Food Sci Nutr
5 Glob Chang Biol
5 IMA Fungus
5 Int J Plant Genomics
5 J Biol Eng
5 J R Soc Interface
5 J Trop Med
5 Microbes Environ
5 Mol Biotechnol
5 Mol Breed
5 Mol Cell
5 Mol Cell Proteomics
5 Mol Genet Genomics
5 Mol Plant
5 Natl Sci Rev
5 Oxid Med Cell Longev
5 Plant Phenomics
5 PNAS Nexus
5 Rev Soc Bras Med Trop
5 Vet Res
6 Ann Bot
6 Biol Direct
6 Cell Rep
6 Database (Oxford)
6 Ecology
6 Evol Lett
6 For Res (Fayettev)
6 Front Public Health
6 GigaByte
6 Insect Biochem Mol Biol
6 Int J Parasitol Parasites Wildl
6 Iran J Biotechnol
6 J Parasitol Res
6 J Pestic Sci
6 Materials (Basel)
6 Med Vet Entomol
6 Mitochondrial DNA B Resour
6 Parasitol Res
6 STAR Protoc
6 Syst Biol
6 Virus Genes
7 Chem Rev
7 Ecol Appl
7 Ecol Lett
7 Entropy (Basel)
7 Environ Entomol
7 Evodevo
7 FEMS Microbiol Rev
7 Front Fungal Biol
7 Int J Insect Sci
7 ISME Commun
7 J Exp Biol
7 Mol Biol Cell
7 Mol Hortic
7 MycoKeys
7 Plant Divers
7 RNA
8 AMB Express
8 Bioengineering (Basel)
8 Biol Open
8 Biol Rev Camb Philos Soc
8 Cell
8 Curr Issues Mol Biol
8 FEBS Open Bio
8 Insect Mol Biol
8 J Biomed Biotechnol
8 Mol Syst Biol
8 NPJ Biofilms Microbiomes
8 One Health
8 Persoonia
8 Plant Cell Physiol
8 Plant Mol Biol
8 Vet Sci
8 Vet World
9 Adv Virus Res
9 Biomimetics (Basel)
9 Biosensors (Basel)
9 BMC Ecol
9 Comput Struct Biotechnol J
9 Front Nutr
9 Genetics
9 Ind Med Gaz
9 J Adv Res
9 J Comp Physiol A Neuroethol Sens Neural Behav Physiol
9 J Nematol
9 J Pest Sci (2004)
9 Microbiol Resour Announc
9 Pharmaceuticals (Basel)
9 Plant Cell Environ
9 Protoplasma
9 ScientificWorldJournal
9 Virology
10 aBIOTECH
10 ACS Omega
10 Biotechnol Biofuels
10 BMC Genet
10 DNA Res
10 Exp Appl Acarol
10 F1000Res
10 Front Genome Ed
10 Genes Dev
10 Mob DNA
10 Mol Ecol
10 Mycobiology
10 Nanomaterials (Basel)
10 Nat Plants
10 Parasitology
10 Plant Signal Behav
10 Springerplus
10 Toxics
11 Appl Plant Sci
11 Biotechnol Rep (Amst)
11 Bot Stud
11 Curr Genomics
11 Emerg Infect Dis
11 Environ Health Perspect
11 Front Mol Biosci
11 J Genet Eng Biotechnol
11 Metabolites
11 Oecologia
11 Plant Cell Rep
11 RSC Adv
11 Synth Syst Biotechnol
12 AoB Plants
12 EMBO J
12 EMBO Rep
12 J Agric Food Chem
12 J Ethnobiol Ethnomed
12 J Med Entomol
12 J Nanobiotechnology
12 Parasite
13 Breed Sci
13 Environ Microbiol
13 Front Zool
13 GM Crops Food
13 J Econ Entomol
13 Mem Inst Oswaldo Cruz
13 Pharmaceutics
13 Stress Biol
13 Vaccines (Basel)
14 Evid Based Complement Alternat Med
14 Front Chem
14 Virulence
15 3 Biotech
15 Arch Virol
15 Environ Sci Pollut Res Int
15 Front Cell Dev Biol
15 Front Pharmacol
15 Front Vet Sci
15 Gigascience
15 Insect Sci
15 J Gen Virol
15 Microb Genom
15 Open Biol
16 Antioxidants (Basel)
16 Appl Environ Microbiol
16 Curr Res Insect Sci
16 Genome Announc
16 mSphere
16 Plant Cell
17 BMC Mol Biol
17 Planta
18 J Virol
18 Plant Direct
18 Transgenic Res
18 Virus Evol
19 Appl Microbiol Biotechnol
19 Microbiologyopen
19 Philos Trans R Soc Lond B Biol Sci
20 Adv Sci (Weinh)
20 BMC Res Notes
20 Genet Mol Biol
20 ISME J
20 Life (Basel)
20 Microb Ecol
20 Microbiome
21 Antibiotics (Basel)
21 BMC Bioinformatics
21 Front Insect Sci
21 Pest Manag Sci
21 Theor Appl Genet
22 Microb Biotechnol
22 mSystems
23 Biodivers Data J
24 Front Immunol
24 J Arthropod Borne Dis
24 R Soc Open Sci
25 Proc Biol Sci
25 Sci Data
25 Virus Res
26 J Chem Ecol
28 Biomed Res Int
28 New Phytol
28 Plant J
28 Plant Physiol
28 Rice (N Y)
28 Saudi J Biol Sci
29 Int J Biol Sci
29 Malar J
29 PLoS Comput Biol
30 Genome Biol
31 J Cell Biol
31 Mol Biol Evol
33 Evol Appl
34 Microb Cell Fact
34 Plant Commun
35 Nature
35 Zookeys
36 Foods
37 Biomolecules
38 J Biol Chem
41 Cells
41 Plant Methods
46 Front Cell Infect Microbiol
46 Genome Biol Evol
47 G3 (Bethesda)
53 iScience
53 PLoS Biol
56 BMC Biotechnol
56 Front Bioeng Biotechnol
56 Sci Adv
58 Front Genet
58 Plant Pathol J
59 BMC Evol Biol
59 BMC Microbiol
59 Hortic Res
60 mBio
61 Commun Biol
64 Microbiol Spectr
67 BMC Biol
73 Heliyon
75 Nucleic Acids Res
76 Biology (Basel)
77 Toxins (Basel)
78 Pathogens
83 Sensors (Basel)
89 PLoS Negl Trop Dis
99 Mol Plant Pathol
101 Genes (Basel)
108 J Exp Bot
110 PLoS Genet
110 Virol J
114 J Fungi (Basel)
114 Proc Natl Acad Sci U S A
133 Microorganisms
134 PeerJ
136 Elife
140 Plant Biotechnol J
150 Molecules
151 Ecol Evol
159 Parasit Vectors
201 Front Physiol
205 J Insect Sci
211 PLoS Pathog
230 BMC Plant Biol
260 BMC Genomics
271 EFSA J
280 Nat Commun
380 Plants (Basel)
432 Viruses
462 Front Microbiol
616 Insects
622 Int J Mol Sci
838 Front Plant Sci
921 Sci Rep
1511 PLoS One